0 info it worked if it ends with ok
1 verbose cli [ '/opt/twitter/nvm/versions/node/v4.2.4/bin/node',
1 verbose cli   '/opt/twitter/nvm/versions/node/v4.2.4/bin/npm',
1 verbose cli   'run',
1 verbose cli   'checkarg' ]
2 info using npm@2.14.12
3 info using node@v4.2.4
4 verbose run-script [ 'precheckarg', 'checkarg', 'postcheckarg' ]
5 info precheckarg server-project@1.0.0
6 info checkarg server-project@1.0.0
7 verbose unsafe-perm in lifecycle true
8 info server-project@1.0.0 Failed to exec checkarg script
9 verbose stack Error: server-project@1.0.0 checkarg: `bash checkarg`
9 verbose stack Exit status 1
9 verbose stack     at EventEmitter.<anonymous> (/opt/twitter/nvm/versions/node/v4.2.4/lib/node_modules/npm/lib/utils/lifecycle.js:214:16)
9 verbose stack     at emitTwo (events.js:87:13)
9 verbose stack     at EventEmitter.emit (events.js:172:7)
9 verbose stack     at ChildProcess.<anonymous> (/opt/twitter/nvm/versions/node/v4.2.4/lib/node_modules/npm/lib/utils/spawn.js:24:14)
9 verbose stack     at emitTwo (events.js:87:13)
9 verbose stack     at ChildProcess.emit (events.js:172:7)
9 verbose stack     at maybeClose (internal/child_process.js:818:16)
9 verbose stack     at Process.ChildProcess._handle.onexit (internal/child_process.js:211:5)
10 verbose pkgid server-project@1.0.0
11 verbose cwd /Users/cpesto/OSS/pants/contrib/node/examples/src/node/server-project
12 error Darwin 15.5.0
13 error argv "/opt/twitter/nvm/versions/node/v4.2.4/bin/node" "/opt/twitter/nvm/versions/node/v4.2.4/bin/npm" "run" "checkarg"
14 error node v4.2.4
15 error npm  v2.14.12
16 error code ELIFECYCLE
17 error server-project@1.0.0 checkarg: `bash checkarg`
17 error Exit status 1
18 error Failed at the server-project@1.0.0 checkarg script 'bash checkarg'.
18 error This is most likely a problem with the server-project package,
18 error not with npm itself.
18 error Tell the author that this fails on your system:
18 error     bash checkarg
18 error You can get their info via:
18 error     npm owner ls server-project
18 error There is likely additional logging output above.
19 verbose exit [ 1, true ]
